
[2025-06-19T09:56:42.485Z] Errore durante la registrazione
{
  "error": "Assignment to constant variable.",
  "stack": "TypeError: Assignment to constant variable.\n    at register (/Users/irinatrica/its-verifica-19-06-25/its-verifica-backend/src/controllers/authController.js:74:12)",
  "details": {}
}
-----------------------------------
[2025-06-19T10:02:04.488Z] Errore durante la registrazione
{
  "error": "Assignment to constant variable.",
  "stack": "TypeError: Assignment to constant variable.\n    at register (/Users/irinatrica/its-verifica-19-06-25/its-verifica-backend/src/controllers/authController.js:78:12)",
  "details": {}
}
-----------------------------------
[2025-06-19T10:02:51.606Z] Errore durante la registrazione
{
  "error": "Assignment to constant variable.",
  "stack": "TypeError: Assignment to constant variable.\n    at register (/Users/irinatrica/its-verifica-19-06-25/its-verifica-backend/src/controllers/authController.js:78:12)",
  "details": {}
}
-----------------------------------
[2025-06-19T10:05:30.021Z] Errore durante la registrazione
{
  "error": "Assignment to constant variable.",
  "stack": "TypeError: Assignment to constant variable.\n    at register (/Users/irinatrica/its-verifica-19-06-25/its-verifica-backend/src/controllers/authController.js:78:12)",
  "details": {}
}
-----------------------------------
[2025-06-19T10:10:58.469Z] Errore durante la registrazione
{
  "error": "Assignment to constant variable.",
  "stack": "TypeError: Assignment to constant variable.\n    at register (/Users/irinatrica/its-verifica-19-06-25/its-verifica-backend/src/controllers/authController.js:78:12)",
  "details": {}
}
-----------------------------------
[2025-06-19T10:13:49.563Z] Errore durante la registrazione
{
  "error": "Assignment to constant variable.",
  "stack": "TypeError: Assignment to constant variable.\n    at register (/Users/irinatrica/its-verifica-19-06-25/its-verifica-backend/src/controllers/authController.js:75:12)",
  "details": {}
}
-----------------------------------
[2025-06-19T10:14:43.715Z] Errore durante la registrazione
{
  "error": "Assignment to constant variable.",
  "stack": "TypeError: Assignment to constant variable.\n    at register (/Users/irinatrica/its-verifica-19-06-25/its-verifica-backend/src/controllers/authController.js:75:12)",
  "details": {}
}
-----------------------------------
[2025-06-19T10:19:20.161Z] Errore durante la registrazione
{
  "error": "Assignment to constant variable.",
  "stack": "TypeError: Assignment to constant variable.\n    at register (/Users/irinatrica/its-verifica-19-06-25/its-verifica-backend/src/controllers/authController.js:75:12)",
  "details": {}
}
-----------------------------------
[2025-06-19T10:19:30.460Z] Errore durante la registrazione
{
  "error": "Assignment to constant variable.",
  "stack": "TypeError: Assignment to constant variable.\n    at register (/Users/irinatrica/its-verifica-19-06-25/its-verifica-backend/src/controllers/authController.js:75:12)",
  "details": {}
}
-----------------------------------
[2025-06-19T10:21:45.551Z] Errore durante la registrazione
{
  "error": "Assignment to constant variable.",
  "stack": "TypeError: Assignment to constant variable.\n    at register (/Users/irinatrica/its-verifica-19-06-25/its-verifica-backend/src/controllers/authController.js:78:12)",
  "details": "{\"stack\":\"TypeError: Assignment to constant variable.\\n    at register (/Users/irinatrica/its-verifica-19-06-25/its-verifica-backend/src/controllers/authController.js:78:12)\",\"message\":\"Assignment to constant variable.\"}"
}
-----------------------------------
[2025-06-19T10:22:49.223Z] Errore durante la registrazione
{
  "error": "Assignment to constant variable.",
  "stack": "TypeError: Assignment to constant variable.\n    at register (/Users/irinatrica/its-verifica-19-06-25/its-verifica-backend/src/controllers/authController.js:78:12)",
  "details": "{\"stack\":\"TypeError: Assignment to constant variable.\\n    at register (/Users/irinatrica/its-verifica-19-06-25/its-verifica-backend/src/controllers/authController.js:78:12)\",\"message\":\"Assignment to constant variable.\"}"
}
-----------------------------------
[2025-06-19T10:23:06.265Z] Errore durante la registrazione
{
  "error": "Assignment to constant variable.",
  "stack": "TypeError: Assignment to constant variable.\n    at register (/Users/irinatrica/its-verifica-19-06-25/its-verifica-backend/src/controllers/authController.js:78:12)",
  "details": "{\"stack\":\"TypeError: Assignment to constant variable.\\n    at register (/Users/irinatrica/its-verifica-19-06-25/its-verifica-backend/src/controllers/authController.js:78:12)\",\"message\":\"Assignment to constant variable.\"}"
}
-----------------------------------
[2025-10-31T09:12:17.667Z] Errore durante la registrazione
{
  "error": "\n\u001b[31mInvalid \u001b[1m`prisma.user.findUnique()`\u001b[22m invocation in\u001b[39m\n\u001b[4m/Users/irinatrica/its-verifica-19-06-25/its-verifica-backend/src/controllers/authController.js:59:44\u001b[24m\n\n  \u001b[2m\u001b[90m56\u001b[39m \u001b[34m}\u001b[39m\u001b[22m\n  \u001b[2m\u001b[90m57\u001b[39m \u001b[22m\n  \u001b[2m\u001b[90m58\u001b[39m \u001b[90m// Verifica se l'utente esiste già\u001b[39m\u001b[22m\n\u001b[1m\u001b[31m→\u001b[39m\u001b[22m \u001b[2m\u001b[90m59\u001b[39m \u001b[36mconst\u001b[39m existingUser = \u001b[36mawait\u001b[39m prisma\u001b[34m.\u001b[39muser\u001b[34m.\u001b[39m\u001b[36mfindUnique\u001b[39m\u001b[34m(\u001b[39m\u001b[22m\nError converting field \"nome\" of expected non-nullable type \"String\", found incompatible value of \"null\".",
  "stack": "PrismaClientKnownRequestError: \n\u001b[31mInvalid \u001b[1m`prisma.user.findUnique()`\u001b[22m invocation in\u001b[39m\n\u001b[4m/Users/irinatrica/its-verifica-19-06-25/its-verifica-backend/src/controllers/authController.js:59:44\u001b[24m\n\n  \u001b[2m\u001b[90m56\u001b[39m \u001b[34m}\u001b[39m\u001b[22m\n  \u001b[2m\u001b[90m57\u001b[39m \u001b[22m\n  \u001b[2m\u001b[90m58\u001b[39m \u001b[90m// Verifica se l'utente esiste già\u001b[39m\u001b[22m\n\u001b[1m\u001b[31m→\u001b[39m\u001b[22m \u001b[2m\u001b[90m59\u001b[39m \u001b[36mconst\u001b[39m existingUser = \u001b[36mawait\u001b[39m prisma\u001b[34m.\u001b[39muser\u001b[34m.\u001b[39m\u001b[36mfindUnique\u001b[39m\u001b[34m(\u001b[39m\u001b[22m\nError converting field \"nome\" of expected non-nullable type \"String\", found incompatible value of \"null\".\n    at Zn.handleRequestError (/Users/irinatrica/its-verifica-19-06-25/its-verifica-backend/node_modules/@prisma/client/runtime/library.js:121:7459)\n    at Zn.handleAndLogRequestError (/Users/irinatrica/its-verifica-19-06-25/its-verifica-backend/node_modules/@prisma/client/runtime/library.js:121:6784)\n    at Zn.request (/Users/irinatrica/its-verifica-19-06-25/its-verifica-backend/node_modules/@prisma/client/runtime/library.js:121:6491)\n    at async l (/Users/irinatrica/its-verifica-19-06-25/its-verifica-backend/node_modules/@prisma/client/runtime/library.js:130:9778)\n    at async register (/Users/irinatrica/its-verifica-19-06-25/its-verifica-backend/src/controllers/authController.js:59:26)",
  "details": "{\"stack\":\"PrismaClientKnownRequestError: \\n\\u001b[31mInvalid \\u001b[1m`prisma.user.findUnique()`\\u001b[22m invocation in\\u001b[39m\\n\\u001b[4m/Users/irinatrica/its-verifica-19-06-25/its-verifica-backend/src/controllers/authController.js:59:44\\u001b[24m\\n\\n  \\u001b[2m\\u001b[90m56\\u001b[39m \\u001b[34m}\\u001b[39m\\u001b[22m\\n  \\u001b[2m\\u001b[90m57\\u001b[39m \\u001b[22m\\n  \\u001b[2m\\u001b[90m58\\u001b[39m \\u001b[90m// Verifica se l'utente esiste già\\u001b[39m\\u001b[22m\\n\\u001b[1m\\u001b[31m→\\u001b[39m\\u001b[22m \\u001b[2m\\u001b[90m59\\u001b[39m \\u001b[36mconst\\u001b[39m existingUser = \\u001b[36mawait\\u001b[39m prisma\\u001b[34m.\\u001b[39muser\\u001b[34m.\\u001b[39m\\u001b[36mfindUnique\\u001b[39m\\u001b[34m(\\u001b[39m\\u001b[22m\\nError converting field \\\"nome\\\" of expected non-nullable type \\\"String\\\", found incompatible value of \\\"null\\\".\\n    at Zn.handleRequestError (/Users/irinatrica/its-verifica-19-06-25/its-verifica-backend/node_modules/@prisma/client/runtime/library.js:121:7459)\\n    at Zn.handleAndLogRequestError (/Users/irinatrica/its-verifica-19-06-25/its-verifica-backend/node_modules/@prisma/client/runtime/library.js:121:6784)\\n    at Zn.request (/Users/irinatrica/its-verifica-19-06-25/its-verifica-backend/node_modules/@prisma/client/runtime/library.js:121:6491)\\n    at async l (/Users/irinatrica/its-verifica-19-06-25/its-verifica-backend/node_modules/@prisma/client/runtime/library.js:130:9778)\\n    at async register (/Users/irinatrica/its-verifica-19-06-25/its-verifica-backend/src/controllers/authController.js:59:26)\",\"message\":\"\\n\\u001b[31mInvalid \\u001b[1m`prisma.user.findUnique()`\\u001b[22m invocation in\\u001b[39m\\n\\u001b[4m/Users/irinatrica/its-verifica-19-06-25/its-verifica-backend/src/controllers/authController.js:59:44\\u001b[24m\\n\\n  \\u001b[2m\\u001b[90m56\\u001b[39m \\u001b[34m}\\u001b[39m\\u001b[22m\\n  \\u001b[2m\\u001b[90m57\\u001b[39m \\u001b[22m\\n  \\u001b[2m\\u001b[90m58\\u001b[39m \\u001b[90m// Verifica se l'utente esiste già\\u001b[39m\\u001b[22m\\n\\u001b[1m\\u001b[31m→\\u001b[39m\\u001b[22m \\u001b[2m\\u001b[90m59\\u001b[39m \\u001b[36mconst\\u001b[39m existingUser = \\u001b[36mawait\\u001b[39m prisma\\u001b[34m.\\u001b[39muser\\u001b[34m.\\u001b[39m\\u001b[36mfindUnique\\u001b[39m\\u001b[34m(\\u001b[39m\\u001b[22m\\nError converting field \\\"nome\\\" of expected non-nullable type \\\"String\\\", found incompatible value of \\\"null\\\".\",\"code\":\"P2032\",\"meta\":{},\"clientVersion\":\"6.10.0\",\"name\":\"PrismaClientKnownRequestError\"}"
}
-----------------------------------